<?xml version="1.0" encoding="UTF-8"?>
<!-- Generated by org.testng.reporters.JUnitReportReporter -->
<testsuite skipped="0" hostname="LAPTOP-5M5RG53E" name="qaclickacademy.AppTest" tests="1" failures="0" timestamp="2021-12-26T18:30:15 IST" time="0.000" errors="0">
  <testcase name="testApp" time="0.000" classname="qaclickacademy.AppTest"/>
  <system-out/>
</testsuite> <!-- qaclickacademy.AppTest -->
